  Compiling CUDA source file kernel.cu...
  
  D:\github_clone\LonelyD1n0\CUDA_GEMM\CUDA_GEMM\CUDA_GEMM>"D:\NVIDIA GPU Computing Toolkit\CUDA\v13.3\bin\nvcc.exe" -gencode=arch=compute_75,code=\"sm_75,compute_75\" --use-local-env -ccbin "D:\Microsoft Visual Studio\2022\Community\VC\Tools\MSVC\14.43.34808\bin\HostX64\x64" -x cu   -I"D:\NVIDIA GPU Computing Toolkit\CUDA\v13.3\include" -I"C:\Users\60152\vcpkg\installed\x64-windows\include" -I"D:\NVIDIA GPU Computing Toolkit\CUDA\v13.3\include"     --keep-dir x64\Release  -maxrregcount=0     --machine 64 --compile -cudart hybrid    -DWIN32 -DWIN64 -DNDEBUG -D_CONSOLE -D_MBCS -Xcompiler "/EHsc /W3 /nologo /O2 /FS   /MD " -Xcompiler "/Fdx64\Release\vc143.pdb" -o D:\github_clone\LonelyD1n0\CUDA_GEMM\CUDA_GEMM\CUDA_GEMM\x64\Release\kernel.cu.obj "D:\github_clone\LonelyD1n0\CUDA_GEMM\CUDA_GEMM\CUDA_GEMM\kernel.cu" 
D:\NVIDIA GPU Computing Toolkit\CUDA\v13.3\include\cuda_runtime_api.h(13711): warning C4819: 该文件包含不能在当前代码页(936)中表示的字符。请将该文件保存为 Unicode 格式以防止数据丢失
D:\NVIDIA GPU Computing Toolkit\CUDA\v13.3\include\cuda_runtime_api.h(14214): warning C4819: 该文件包含不能在当前代码页(936)中表示的字符。请将该文件保存为 Unicode 格式以防止数据丢失
D:\NVIDIA GPU Computing Toolkit\CUDA\v13.3\include\cuda_runtime_api.h(13711): warning C4819: 该文件包含不能在当前代码页(936)中表示的字符。请将该文件保存为 Unicode 格式以防止数据丢失
D:\NVIDIA GPU Computing Toolkit\CUDA\v13.3\include\cuda_runtime_api.h(14214): warning C4819: 该文件包含不能在当前代码页(936)中表示的字符。请将该文件保存为 Unicode 格式以防止数据丢失
D:\NVIDIA GPU Computing Toolkit\CUDA\v13.3\include\cuda_runtime_api.h(13711): warning C4819: 该文件包含不能在当前代码页(936)中表示的字符。请将该文件保存为 Unicode 格式以防止数据丢失
D:\NVIDIA GPU Computing Toolkit\CUDA\v13.3\include\cuda_runtime_api.h(14214): warning C4819: 该文件包含不能在当前代码页(936)中表示的字符。请将该文件保存为 Unicode 格式以防止数据丢失
D:\NVIDIA GPU Computing Toolkit\CUDA\v13.3\include\cuda_runtime_api.h(13711): warning C4819: 该文件包含不能在当前代码页(936)中表示的字符。请将该文件保存为 Unicode 格式以防止数据丢失
D:\NVIDIA GPU Computing Toolkit\CUDA\v13.3\include\cuda_runtime_api.h(14214): warning C4819: 该文件包含不能在当前代码页(936)中表示的字符。请将该文件保存为 Unicode 格式以防止数据丢失
D:\NVIDIA GPU Computing Toolkit\CUDA\v13.3\include\cuda_runtime_api.h(13711): warning C4819: 该文件包含不能在当前代码页(936)中表示的字符。请将该文件保存为 Unicode 格式以防止数据丢失
D:\NVIDIA GPU Computing Toolkit\CUDA\v13.3\include\cuda_runtime_api.h(14214): warning C4819: 该文件包含不能在当前代码页(936)中表示的字符。请将该文件保存为 Unicode 格式以防止数据丢失
D:\NVIDIA GPU Computing Toolkit\CUDA\v13.3\include\cuda_runtime_api.h(13711): warning C4819: 该文件包含不能在当前代码页(936)中表示的字符。请将该文件保存为 Unicode 格式以防止数据丢失
D:\NVIDIA GPU Computing Toolkit\CUDA\v13.3\include\cuda_runtime_api.h(14214): warning C4819: 该文件包含不能在当前代码页(936)中表示的字符。请将该文件保存为 Unicode 格式以防止数据丢失
D:\NVIDIA GPU Computing Toolkit\CUDA\v13.3\include\cuda_runtime_api.h(13711): warning C4819: 该文件包含不能在当前代码页(936)中表示的字符。请将该文件保存为 Unicode 格式以防止数据丢失
D:\NVIDIA GPU Computing Toolkit\CUDA\v13.3\include\cuda_runtime_api.h(14214): warning C4819: 该文件包含不能在当前代码页(936)中表示的字符。请将该文件保存为 Unicode 格式以防止数据丢失
D:\NVIDIA GPU Computing Toolkit\CUDA\v13.3\include\cuda_runtime_api.h(13711): warning C4819: 该文件包含不能在当前代码页(936)中表示的字符。请将该文件保存为 Unicode 格式以防止数据丢失
D:\NVIDIA GPU Computing Toolkit\CUDA\v13.3\include\cuda_runtime_api.h(14214): warning C4819: 该文件包含不能在当前代码页(936)中表示的字符。请将该文件保存为 Unicode 格式以防止数据丢失
D:\NVIDIA GPU Computing Toolkit\CUDA\v13.3\include\cuda_runtime_api.h(13711): warning C4819: 该文件包含不能在当前代码页(936)中表示的字符。请将该文件保存为 Unicode 格式以防止数据丢失
D:\NVIDIA GPU Computing Toolkit\CUDA\v13.3\include\cuda_runtime_api.h(14214): warning C4819: 该文件包含不能在当前代码页(936)中表示的字符。请将该文件保存为 Unicode 格式以防止数据丢失
D:\NVIDIA GPU Computing Toolkit\CUDA\v13.3\include\cuda_runtime_api.h(13711): warning C4819: 该文件包含不能在当前代码页(936)中表示的字符。请将该文件保存为 Unicode 格式以防止数据丢失
D:\NVIDIA GPU Computing Toolkit\CUDA\v13.3\include\cuda_runtime_api.h(14214): warning C4819: 该文件包含不能在当前代码页(936)中表示的字符。请将该文件保存为 Unicode 格式以防止数据丢失
D:\NVIDIA GPU Computing Toolkit\CUDA\v13.3\include\cuda_runtime_api.h(13711): warning C4819: 该文件包含不能在当前代码页(936)中表示的字符。请将该文件保存为 Unicode 格式以防止数据丢失
D:\NVIDIA GPU Computing Toolkit\CUDA\v13.3\include\cuda_runtime_api.h(14214): warning C4819: 该文件包含不能在当前代码页(936)中表示的字符。请将该文件保存为 Unicode 格式以防止数据丢失
D:\NVIDIA GPU Computing Toolkit\CUDA\v13.3\include\cuda_runtime_api.h(13711): warning C4819: 该文件包含不能在当前代码页(936)中表示的字符。请将该文件保存为 Unicode 格式以防止数据丢失
D:\NVIDIA GPU Computing Toolkit\CUDA\v13.3\include\cuda_runtime_api.h(14214): warning C4819: 该文件包含不能在当前代码页(936)中表示的字符。请将该文件保存为 Unicode 格式以防止数据丢失
D:\NVIDIA GPU Computing Toolkit\CUDA\v13.3\include\cuda_runtime_api.h(13711): warning C4819: 该文件包含不能在当前代码页(936)中表示的字符。请将该文件保存为 Unicode 格式以防止数据丢失
D:\NVIDIA GPU Computing Toolkit\CUDA\v13.3\include\cuda_runtime_api.h(14214): warning C4819: 该文件包含不能在当前代码页(936)中表示的字符。请将该文件保存为 Unicode 格式以防止数据丢失
D:\NVIDIA GPU Computing Toolkit\CUDA\v13.3\include\cuda_runtime_api.h(13711): warning C4819: 该文件包含不能在当前代码页(936)中表示的字符。请将该文件保存为 Unicode 格式以防止数据丢失
D:\NVIDIA GPU Computing Toolkit\CUDA\v13.3\include\cuda_runtime_api.h(14214): warning C4819: 该文件包含不能在当前代码页(936)中表示的字符。请将该文件保存为 Unicode 格式以防止数据丢失
D:\NVIDIA GPU Computing Toolkit\CUDA\v13.3\include\cuda_runtime_api.h(13711): warning C4819: 该文件包含不能在当前代码页(936)中表示的字符。请将该文件保存为 Unicode 格式以防止数据丢失
D:\NVIDIA GPU Computing Toolkit\CUDA\v13.3\include\cuda_runtime_api.h(14214): warning C4819: 该文件包含不能在当前代码页(936)中表示的字符。请将该文件保存为 Unicode 格式以防止数据丢失
D:\github_clone\LonelyD1n0\CUDA_GEMM\CUDA_GEMM\CUDA_GEMM\kernel.cu(86): warning #546-D: transfer of control bypasses initialization of:
              variable "threadsPerBlock" (declared at line 114)
              variable "blocksPerGrid" (declared at line 115)
    		goto ERROR;
    		^
  
  Remark: The warnings can be suppressed with "-diag-suppress <warning-number>"
  
D:\github_clone\LonelyD1n0\CUDA_GEMM\CUDA_GEMM\CUDA_GEMM\kernel.cu(92): warning #546-D: transfer of control bypasses initialization of:
              variable "threadsPerBlock" (declared at line 114)
              variable "blocksPerGrid" (declared at line 115)
    		goto ERROR;
    		^
  
D:\github_clone\LonelyD1n0\CUDA_GEMM\CUDA_GEMM\CUDA_GEMM\kernel.cu(98): warning #546-D: transfer of control bypasses initialization of:
              variable "threadsPerBlock" (declared at line 114)
              variable "blocksPerGrid" (declared at line 115)
    		goto ERROR;
    		^
  
D:\github_clone\LonelyD1n0\CUDA_GEMM\CUDA_GEMM\CUDA_GEMM\kernel.cu(105): warning #546-D: transfer of control bypasses initialization of:
              variable "threadsPerBlock" (declared at line 114)
              variable "blocksPerGrid" (declared at line 115)
    		goto ERROR;
    		^
  
D:\github_clone\LonelyD1n0\CUDA_GEMM\CUDA_GEMM\CUDA_GEMM\kernel.cu(110): warning #546-D: transfer of control bypasses initialization of:
              variable "threadsPerBlock" (declared at line 114)
              variable "blocksPerGrid" (declared at line 115)
    		goto ERROR;
    		^
  
D:\NVIDIA GPU Computing Toolkit\CUDA\v13.3\include\cuda_runtime_api.h(13711): warning C4819: 该文件包含不能在当前代码页(936)中表示的字符。请将该文件保存为 Unicode 格式以防止数据丢失
D:\NVIDIA GPU Computing Toolkit\CUDA\v13.3\include\cuda_runtime_api.h(14214): warning C4819: 该文件包含不能在当前代码页(936)中表示的字符。请将该文件保存为 Unicode 格式以防止数据丢失
D:\NVIDIA GPU Computing Toolkit\CUDA\v13.3\include\cuda_runtime_api.h(13711): warning C4819: 该文件包含不能在当前代码页(936)中表示的字符。请将该文件保存为 Unicode 格式以防止数据丢失
D:\NVIDIA GPU Computing Toolkit\CUDA\v13.3\include\cuda_runtime_api.h(14214): warning C4819: 该文件包含不能在当前代码页(936)中表示的字符。请将该文件保存为 Unicode 格式以防止数据丢失
D:\NVIDIA GPU Computing Toolkit\CUDA\v13.3\include\cuda_runtime_api.h(13711): warning C4819: 该文件包含不能在当前代码页(936)中表示的字符。请将该文件保存为 Unicode 格式以防止数据丢失
D:\NVIDIA GPU Computing Toolkit\CUDA\v13.3\include\cuda_runtime_api.h(14214): warning C4819: 该文件包含不能在当前代码页(936)中表示的字符。请将该文件保存为 Unicode 格式以防止数据丢失
D:\NVIDIA GPU Computing Toolkit\CUDA\v13.3\include\cuda_runtime_api.h(13711): warning C4819: 该文件包含不能在当前代码页(936)中表示的字符。请将该文件保存为 Unicode 格式以防止数据丢失
D:\NVIDIA GPU Computing Toolkit\CUDA\v13.3\include\cuda_runtime_api.h(14214): warning C4819: 该文件包含不能在当前代码页(936)中表示的字符。请将该文件保存为 Unicode 格式以防止数据丢失
D:\NVIDIA GPU Computing Toolkit\CUDA\v13.3\include\cuda_runtime_api.h(13711): warning C4819: 该文件包含不能在当前代码页(936)中表示的字符。请将该文件保存为 Unicode 格式以防止数据丢失
D:\NVIDIA GPU Computing Toolkit\CUDA\v13.3\include\cuda_runtime_api.h(14214): warning C4819: 该文件包含不能在当前代码页(936)中表示的字符。请将该文件保存为 Unicode 格式以防止数据丢失
D:\NVIDIA GPU Computing Toolkit\CUDA\v13.3\include\cuda_runtime_api.h(13711): warning C4819: 该文件包含不能在当前代码页(936)中表示的字符。请将该文件保存为 Unicode 格式以防止数据丢失
D:\NVIDIA GPU Computing Toolkit\CUDA\v13.3\include\cuda_runtime_api.h(14214): warning C4819: 该文件包含不能在当前代码页(936)中表示的字符。请将该文件保存为 Unicode 格式以防止数据丢失
D:\NVIDIA GPU Computing Toolkit\CUDA\v13.3\include\cuda_runtime_api.h(13711): warning C4819: 该文件包含不能在当前代码页(936)中表示的字符。请将该文件保存为 Unicode 格式以防止数据丢失
D:\NVIDIA GPU Computing Toolkit\CUDA\v13.3\include\cuda_runtime_api.h(14214): warning C4819: 该文件包含不能在当前代码页(936)中表示的字符。请将该文件保存为 Unicode 格式以防止数据丢失
D:\NVIDIA GPU Computing Toolkit\CUDA\v13.3\include\cuda_runtime_api.h(13711): warning C4819: 该文件包含不能在当前代码页(936)中表示的字符。请将该文件保存为 Unicode 格式以防止数据丢失
D:\NVIDIA GPU Computing Toolkit\CUDA\v13.3\include\cuda_runtime_api.h(14214): warning C4819: 该文件包含不能在当前代码页(936)中表示的字符。请将该文件保存为 Unicode 格式以防止数据丢失
D:\NVIDIA GPU Computing Toolkit\CUDA\v13.3\include\cuda_runtime_api.h(13711): warning C4819: 该文件包含不能在当前代码页(936)中表示的字符。请将该文件保存为 Unicode 格式以防止数据丢失
D:\NVIDIA GPU Computing Toolkit\CUDA\v13.3\include\cuda_runtime_api.h(14214): warning C4819: 该文件包含不能在当前代码页(936)中表示的字符。请将该文件保存为 Unicode 格式以防止数据丢失
D:\NVIDIA GPU Computing Toolkit\CUDA\v13.3\include\cuda_runtime_api.h(13711): warning C4819: 该文件包含不能在当前代码页(936)中表示的字符。请将该文件保存为 Unicode 格式以防止数据丢失
D:\NVIDIA GPU Computing Toolkit\CUDA\v13.3\include\cuda_runtime_api.h(14214): warning C4819: 该文件包含不能在当前代码页(936)中表示的字符。请将该文件保存为 Unicode 格式以防止数据丢失
D:\NVIDIA GPU Computing Toolkit\CUDA\v13.3\include\cuda_runtime_api.h(13711): warning C4819: 该文件包含不能在当前代码页(936)中表示的字符。请将该文件保存为 Unicode 格式以防止数据丢失
D:\NVIDIA GPU Computing Toolkit\CUDA\v13.3\include\cuda_runtime_api.h(14214): warning C4819: 该文件包含不能在当前代码页(936)中表示的字符。请将该文件保存为 Unicode 格式以防止数据丢失
D:\NVIDIA GPU Computing Toolkit\CUDA\v13.3\include\cuda_runtime_api.h(13711): warning C4819: 该文件包含不能在当前代码页(936)中表示的字符。请将该文件保存为 Unicode 格式以防止数据丢失
D:\NVIDIA GPU Computing Toolkit\CUDA\v13.3\include\cuda_runtime_api.h(14214): warning C4819: 该文件包含不能在当前代码页(936)中表示的字符。请将该文件保存为 Unicode 格式以防止数据丢失
D:\NVIDIA GPU Computing Toolkit\CUDA\v13.3\include\cuda_runtime_api.h(13711): warning C4819: 该文件包含不能在当前代码页(936)中表示的字符。请将该文件保存为 Unicode 格式以防止数据丢失
D:\NVIDIA GPU Computing Toolkit\CUDA\v13.3\include\cuda_runtime_api.h(14214): warning C4819: 该文件包含不能在当前代码页(936)中表示的字符。请将该文件保存为 Unicode 格式以防止数据丢失
D:\NVIDIA GPU Computing Toolkit\CUDA\v13.3\include\cuda_runtime_api.h(13711): warning C4819: 该文件包含不能在当前代码页(936)中表示的字符。请将该文件保存为 Unicode 格式以防止数据丢失
D:\NVIDIA GPU Computing Toolkit\CUDA\v13.3\include\cuda_runtime_api.h(14214): warning C4819: 该文件包含不能在当前代码页(936)中表示的字符。请将该文件保存为 Unicode 格式以防止数据丢失
D:\NVIDIA GPU Computing Toolkit\CUDA\v13.3\include\cuda_runtime_api.h(13711): warning C4819: 该文件包含不能在当前代码页(936)中表示的字符。请将该文件保存为 Unicode 格式以防止数据丢失
D:\NVIDIA GPU Computing Toolkit\CUDA\v13.3\include\cuda_runtime_api.h(14214): warning C4819: 该文件包含不能在当前代码页(936)中表示的字符。请将该文件保存为 Unicode 格式以防止数据丢失
D:\NVIDIA GPU Computing Toolkit\CUDA\v13.3\include\cuda_runtime_api.h(13711): warning C4819: 该文件包含不能在当前代码页(936)中表示的字符。请将该文件保存为 Unicode 格式以防止数据丢失
D:\NVIDIA GPU Computing Toolkit\CUDA\v13.3\include\cuda_runtime_api.h(14214): warning C4819: 该文件包含不能在当前代码页(936)中表示的字符。请将该文件保存为 Unicode 格式以防止数据丢失
D:\NVIDIA GPU Computing Toolkit\CUDA\v13.3\include\cuda_runtime_api.h(13711): warning C4819: 该文件包含不能在当前代码页(936)中表示的字符。请将该文件保存为 Unicode 格式以防止数据丢失
D:\NVIDIA GPU Computing Toolkit\CUDA\v13.3\include\cuda_runtime_api.h(14214): warning C4819: 该文件包含不能在当前代码页(936)中表示的字符。请将该文件保存为 Unicode 格式以防止数据丢失
D:\NVIDIA GPU Computing Toolkit\CUDA\v13.3\include\cuda_runtime_api.h(13711): warning C4819: 该文件包含不能在当前代码页(936)中表示的字符。请将该文件保存为 Unicode 格式以防止数据丢失
D:\NVIDIA GPU Computing Toolkit\CUDA\v13.3\include\cuda_runtime_api.h(14214): warning C4819: 该文件包含不能在当前代码页(936)中表示的字符。请将该文件保存为 Unicode 格式以防止数据丢失
D:\NVIDIA GPU Computing Toolkit\CUDA\v13.3\include\cuda_runtime_api.h(13711): warning C4819: 该文件包含不能在当前代码页(936)中表示的字符。请将该文件保存为 Unicode 格式以防止数据丢失
D:\NVIDIA GPU Computing Toolkit\CUDA\v13.3\include\cuda_runtime_api.h(14214): warning C4819: 该文件包含不能在当前代码页(936)中表示的字符。请将该文件保存为 Unicode 格式以防止数据丢失
D:\NVIDIA GPU Computing Toolkit\CUDA\v13.3\include\cuda_runtime_api.h(13711): warning C4819: 该文件包含不能在当前代码页(936)中表示的字符。请将该文件保存为 Unicode 格式以防止数据丢失
D:\NVIDIA GPU Computing Toolkit\CUDA\v13.3\include\cuda_runtime_api.h(14214): warning C4819: 该文件包含不能在当前代码页(936)中表示的字符。请将该文件保存为 Unicode 格式以防止数据丢失
D:\NVIDIA GPU Computing Toolkit\CUDA\v13.3\include\cuda_runtime_api.h(13711): warning C4819: 该文件包含不能在当前代码页(936)中表示的字符。请将该文件保存为 Unicode 格式以防止数据丢失
D:\NVIDIA GPU Computing Toolkit\CUDA\v13.3\include\cuda_runtime_api.h(14214): warning C4819: 该文件包含不能在当前代码页(936)中表示的字符。请将该文件保存为 Unicode 格式以防止数据丢失
D:\NVIDIA GPU Computing Toolkit\CUDA\v13.3\include\cuda_runtime_api.h(13711): warning C4819: 该文件包含不能在当前代码页(936)中表示的字符。请将该文件保存为 Unicode 格式以防止数据丢失
D:\NVIDIA GPU Computing Toolkit\CUDA\v13.3\include\cuda_runtime_api.h(14214): warning C4819: 该文件包含不能在当前代码页(936)中表示的字符。请将该文件保存为 Unicode 格式以防止数据丢失
D:\NVIDIA GPU Computing Toolkit\CUDA\v13.3\include\cuda_runtime_api.h(13711): warning C4819: 该文件包含不能在当前代码页(936)中表示的字符。请将该文件保存为 Unicode 格式以防止数据丢失
D:\NVIDIA GPU Computing Toolkit\CUDA\v13.3\include\cuda_runtime_api.h(14214): warning C4819: 该文件包含不能在当前代码页(936)中表示的字符。请将该文件保存为 Unicode 格式以防止数据丢失
D:\NVIDIA GPU Computing Toolkit\CUDA\v13.3\include\cuda_runtime_api.h(13711): warning C4819: 该文件包含不能在当前代码页(936)中表示的字符。请将该文件保存为 Unicode 格式以防止数据丢失
D:\NVIDIA GPU Computing Toolkit\CUDA\v13.3\include\cuda_runtime_api.h(14214): warning C4819: 该文件包含不能在当前代码页(936)中表示的字符。请将该文件保存为 Unicode 格式以防止数据丢失
D:\github_clone\LonelyD1n0\CUDA_GEMM\CUDA_GEMM\CUDA_GEMM\kernel.cu(86): warning #546-D: transfer of control bypasses initialization of:
              variable "threadsPerBlock" (declared at line 114)
              variable "blocksPerGrid" (declared at line 115)
    		goto ERROR;
    		^
  
  Remark: The warnings can be suppressed with "-diag-suppress <warning-number>"
  
D:\github_clone\LonelyD1n0\CUDA_GEMM\CUDA_GEMM\CUDA_GEMM\kernel.cu(92): warning #546-D: transfer of control bypasses initialization of:
              variable "threadsPerBlock" (declared at line 114)
              variable "blocksPerGrid" (declared at line 115)
    		goto ERROR;
    		^
  
D:\github_clone\LonelyD1n0\CUDA_GEMM\CUDA_GEMM\CUDA_GEMM\kernel.cu(98): warning #546-D: transfer of control bypasses initialization of:
              variable "threadsPerBlock" (declared at line 114)
              variable "blocksPerGrid" (declared at line 115)
    		goto ERROR;
    		^
  
D:\github_clone\LonelyD1n0\CUDA_GEMM\CUDA_GEMM\CUDA_GEMM\kernel.cu(105): warning #546-D: transfer of control bypasses initialization of:
              variable "threadsPerBlock" (declared at line 114)
              variable "blocksPerGrid" (declared at line 115)
    		goto ERROR;
    		^
  
D:\github_clone\LonelyD1n0\CUDA_GEMM\CUDA_GEMM\CUDA_GEMM\kernel.cu(110): warning #546-D: transfer of control bypasses initialization of:
              variable "threadsPerBlock" (declared at line 114)
              variable "blocksPerGrid" (declared at line 115)
    		goto ERROR;
    		^
  
  kernel.cu
  tmpxft_00009674_00000000-7_kernel.cudafe1.cpp
D:\github_clone\LonelyD1n0\CUDA_GEMM\CUDA_GEMM\CUDA_GEMM\kernel.cu(115): warning C4533: "goto ERROR" 跳过了 "blocksPerGrid" 的初始化
  D:\github_clone\LonelyD1n0\CUDA_GEMM\CUDA_GEMM\CUDA_GEMM\kernel.cu(165): note: 参见“ERROR”的声明
  D:\github_clone\LonelyD1n0\CUDA_GEMM\CUDA_GEMM\CUDA_GEMM\kernel.cu(115): note: 参见“blocksPerGrid”的声明
D:\github_clone\LonelyD1n0\CUDA_GEMM\CUDA_GEMM\CUDA_GEMM\kernel.cu(114): warning C4533: "goto ERROR" 跳过了 "threadsPerBlock" 的初始化
  D:\github_clone\LonelyD1n0\CUDA_GEMM\CUDA_GEMM\CUDA_GEMM\kernel.cu(165): note: 参见“ERROR”的声明
  D:\github_clone\LonelyD1n0\CUDA_GEMM\CUDA_GEMM\CUDA_GEMM\kernel.cu(114): note: 参见“threadsPerBlock”的声明
D:\github_clone\LonelyD1n0\CUDA_GEMM\CUDA_GEMM\CUDA_GEMM\kernel.cu(237): warning C4244: “=”: 从“int”转换到“_Ty”，可能丢失数据
          with
          [
              _Ty=float
          ]
D:\github_clone\LonelyD1n0\CUDA_GEMM\CUDA_GEMM\CUDA_GEMM\kernel.cu(242): warning C4244: “=”: 从“int”转换到“_Ty”，可能丢失数据
          with
          [
              _Ty=float
          ]
  LINK : 已指定 /LTCG，但不需要生成代码；从链接命令行中移除 /LTCG 以提高链接器性能
  CUDA_GEMM.vcxproj -> D:\github_clone\LonelyD1n0\CUDA_GEMM\CUDA_GEMM\x64\Release\CUDA_GEMM.exe
  'pwsh.exe' 不是内部或外部命令，也不是可运行的程序
  或批处理文件。
